2021-04-02 09:17:11,950 INFO notifyConnectTimeout:200

2021-04-02 09:17:12,651 INFO notifySocketTimeout:8000

2021-04-02 09:17:12,652 INFO isHealthCheck:true

2021-04-02 09:17:12,652 INFO maxHealthCheckFailCount:12

2021-04-02 09:17:12,652 INFO maxContent:10485760

2021-04-02 09:17:39,465 INFO use local db service for init

2021-04-02 09:17:44,884 WARN Lexical error at line 4, column 66.  Encountered: <EOF> after : "".

2021-04-02 09:17:45,043 WARN Syntax error: Encountered "*" at line 1, column 1.

2021-04-02 09:17:45,184 WARN Table/View 'CONFIG_INFO' already exists in Schema 'NACOS'.

2021-04-02 09:17:45,599 WARN Table/View 'HIS_CONFIG_INFO' already exists in Schema 'NACOS'.

2021-04-02 09:17:45,647 WARN Table/View 'CONFIG_INFO_BETA' already exists in Schema 'NACOS'.

2021-04-02 09:17:45,679 WARN Table/View 'CONFIG_INFO_TAG' already exists in Schema 'NACOS'.

2021-04-02 09:17:45,700 WARN Table/View 'CONFIG_INFO_AGGR' already exists in Schema 'NACOS'.

2021-04-02 09:17:45,722 WARN Table/View 'APP_LIST' already exists in Schema 'NACOS'.

2021-04-02 09:17:45,740 WARN Table/View 'APP_CONFIGDATA_RELATION_SUBS' already exists in Schema 'NACOS'.

2021-04-02 09:17:45,757 WARN Table/View 'APP_CONFIGDATA_RELATION_PUBS' already exists in Schema 'NACOS'.

2021-04-02 09:17:45,774 WARN Table/View 'CONFIG_TAGS_RELATION' already exists in Schema 'NACOS'.

2021-04-02 09:17:45,796 WARN Table/View 'GROUP_CAPACITY' already exists in Schema 'NACOS'.

2021-04-02 09:17:45,818 WARN Table/View 'TENANT_CAPACITY' already exists in Schema 'NACOS'.

2021-04-02 09:17:45,869 WARN Table/View 'TENANT_INFO' already exists in Schema 'NACOS'.

2021-04-02 09:17:45,908 WARN Table/View 'USERS' already exists in Schema 'NACOS'.

2021-04-02 09:17:45,928 WARN Table/View 'ROLES' already exists in Schema 'NACOS'.

2021-04-02 09:17:45,948 WARN Table/View 'PERMISSIONS' already exists in Schema 'NACOS'.

2021-04-02 09:17:46,250 WARN The statement was aborted because it would have caused a duplicate key value in a unique or primary key constraint or unique index identified by 'SQL210130224453770' defined on 'USERS'.

2021-04-02 09:17:46,264 WARN The statement was aborted because it would have caused a duplicate key value in a unique or primary key constraint or unique index identified by 'UK_USERNAME_ROLE' defined on 'ROLES'.

2021-04-02 09:17:46,265 WARN Lexical error at line 4, column 13.  Encountered: "`" (96), after : "".

2021-04-02 09:17:46,265 WARN Lexical error at line 1, column 13.  Encountered: "`" (96), after : "".

2021-04-02 09:17:46,265 WARN Lexical error at line 1, column 13.  Encountered: "`" (96), after : "".

2021-04-02 09:17:46,266 WARN Lexical error at line 1, column 13.  Encountered: "`" (96), after : "".

2021-04-02 09:17:46,266 INFO use StandaloneDatabaseOperateImpl

2021-04-02 09:17:57,916 WARN DumpService start

2021-04-02 09:17:57,966 INFO start clear all config-info.

2021-04-02 09:17:57,967 WARN clear all config-info failed.

2021-04-02 09:17:57,969 WARN clear all config-info-tenant failed.

2021-04-02 09:17:58,175 INFO [all-dump] 330753323869147136 / 330753323869147136

2021-04-02 09:17:58,175 INFO start clear all config-info-beta.

2021-04-02 09:17:58,175 WARN clear all config-info-beta failed.

2021-04-02 09:17:58,176 WARN clear all config-info-beta-tenant failed.

2021-04-02 09:17:58,211 INFO start clear all config-info-tag.

2021-04-02 09:17:58,212 WARN clear all config-info-tag failed.

2021-04-02 09:17:58,213 WARN clear all config-info-tag-tenant failed.

