2021-04-02 09:18:28,365 INFO PERFORMANCE:|0|0|-1|-1

2021-04-02 09:23:29,644 INFO PERFORMANCE:|0|0|-1|-1

2021-04-02 09:28:29,646 INFO PERFORMANCE:|0|0|-1|-1

2021-04-02 09:33:29,653 INFO PERFORMANCE:|4|4|-1|-1

2021-04-02 09:38:29,693 INFO PERFORMANCE:|11|11|-1|-1

2021-04-02 09:43:29,712 INFO PERFORMANCE:|4|4|-1|-1

2021-04-02 09:48:29,717 INFO PERFORMANCE:|11|11|-1|-1

2021-04-02 09:53:29,718 INFO PERFORMANCE:|12|12|-1|-1

2021-04-02 09:58:29,720 INFO PERFORMANCE:|12|12|-1|-1

2021-04-02 10:03:29,721 INFO PERFORMANCE:|12|12|-1|-1

2021-04-02 10:08:29,729 INFO PERFORMANCE:|12|12|-1|-1

2021-04-02 10:13:29,735 INFO PERFORMANCE:|12|12|-1|-1

2021-04-02 10:18:29,737 INFO PERFORMANCE:|12|12|-1|-1

2021-04-02 10:23:29,741 INFO PERFORMANCE:|12|12|-1|-1

2021-04-02 10:28:29,742 INFO PERFORMANCE:|12|12|-1|-1

2021-04-02 10:33:29,744 INFO PERFORMANCE:|12|12|-1|-1

2021-04-02 10:38:29,747 INFO PERFORMANCE:|12|12|-1|-1

2021-04-02 10:43:29,749 INFO PERFORMANCE:|12|12|-1|-1

2021-04-02 10:48:29,752 INFO PERFORMANCE:|12|12|-1|-1

2021-04-02 10:53:29,753 INFO PERFORMANCE:|12|12|-1|-1

2021-04-02 10:58:29,754 INFO PERFORMANCE:|12|12|-1|-1

2021-04-02 11:03:29,756 INFO PERFORMANCE:|12|12|-1|-1

2021-04-02 11:08:29,757 INFO PERFORMANCE:|12|12|-1|-1

2021-04-02 11:13:29,758 INFO PERFORMANCE:|12|12|-1|-1

2021-04-02 11:18:29,761 INFO PERFORMANCE:|12|12|-1|-1

2021-04-02 11:23:29,763 INFO PERFORMANCE:|12|12|-1|-1

2021-04-02 11:28:29,765 INFO PERFORMANCE:|12|12|-1|-1

2021-04-02 11:33:29,766 INFO PERFORMANCE:|12|12|-1|-1

2021-04-02 11:38:29,767 INFO PERFORMANCE:|12|12|-1|-1

2021-04-02 11:43:29,768 INFO PERFORMANCE:|12|12|-1|-1

2021-04-02 11:48:29,769 INFO PERFORMANCE:|12|12|-1|-1

2021-04-02 11:53:29,829 INFO PERFORMANCE:|12|12|-1|-1

2021-04-02 11:58:29,831 INFO PERFORMANCE:|12|12|-1|-1

2021-04-02 12:03:29,832 INFO PERFORMANCE:|12|12|-1|-1

2021-04-02 12:08:29,833 INFO PERFORMANCE:|12|12|-1|-1

2021-04-02 12:13:29,834 INFO PERFORMANCE:|12|12|-1|-1

2021-04-02 12:18:29,835 INFO PERFORMANCE:|12|12|-1|-1

2021-04-02 12:23:29,836 INFO PERFORMANCE:|12|12|-1|-1

2021-04-02 12:28:29,838 INFO PERFORMANCE:|12|12|-1|-1

2021-04-02 12:33:29,839 INFO PERFORMANCE:|12|12|-1|-1

2021-04-02 12:38:29,840 INFO PERFORMANCE:|12|12|-1|-1

2021-04-02 12:43:29,842 INFO PERFORMANCE:|12|12|-1|-1

2021-04-02 12:48:29,843 INFO PERFORMANCE:|12|12|-1|-1

